<?xml version="1.0" encoding="UTF-8"?>
<!-- Generated by org.testng.reporters.JUnitXMLReporter -->
<testsuite hostname="DESKTOP-0GJ2NJS" ignored="0" name="testngsamples" tests="2" failures="1" timestamp="2020-08-22T22:47:11 IST" time="0.116" errors="0">
  <testcase name="method1" time="0.016" classname="mypack.AssertionOfTestNG"/>
  <testcase name="method2" time="0.007" classname="mypack.AssertionOfTestNG">
    <failure type="java.lang.AssertionError" message="The following asserts failed:
	expected [true] but found [false]">
      <![CDATA[java.lang.AssertionError: The following asserts failed:
expected [true] but found [false]
at mypack.AssertionOfTestNG.method2(AssertionOfTestNG.java:20)
at java.util.ArrayList.forEach(ArrayList.java:1249)
at com.intellij.rt.testng.IDEARemoteTestNG.run(IDEARemoteTestNG.java:66)
at com.intellij.rt.testng.RemoteTestNGStarter.main(RemoteTestNGStarter.java:109)
... Removed 26 stack frames]]>
    </failure>
  </testcase> <!-- method2 -->
</testsuite> <!-- testngsamples -->
